Using pre-set license

 COMMAND LINE ARGUMENTS:
/Applications/Unity/Unity.app/Contents/MacOS/Unity
-adb2
-batchMode
-noUpm
-name
AssetImportWorker0
-projectPath
/Users/game1-14/Documents/GitHub/My-project
-logFile
Logs/AssetImportWorker0.log
-srvPort
60836
Successfully changed project path to: /Users/game1-14/Documents/GitHub/My-project
/Users/game1-14/Documents/GitHub/My-project
Using Asset Import Pipeline V2.
Refreshing native plugins compatible for Editor in 54.46 ms, found 3 plugins.
Preloading 0 native plugins for Editor in 0.00 ms.
Initialize engine version: 2021.1.6f1 (c0fade0cc7e9)
[Subsystems] Discovering subsystems at path /Applications/Unity/Unity.app/Contents/Resources/UnitySubsystems
[Subsystems] Discovering subsystems at path /Users/game1-14/Documents/GitHub/My-project/Assets
GfxDevice: creating device client; threaded=0; jobified=0
Renderer: AMD Radeon Pro 5500 XT OpenGL Engine
Vendor:   ATI Technologies Inc.
Version:  4.1 ATI-4.2.15
GLES:     0
 GL_ARB_blend_func_extended GL_ARB_draw_buffers_blend GL_ARB_draw_indirect GL_ARB_ES2_compatibility GL_ARB_explicit_attrib_location GL_ARB_gpu_shader_fp64 GL_ARB_gpu_shader5 GL_ARB_instanced_arrays GL_ARB_internalformat_query GL_ARB_occlusion_query2 GL_ARB_sample_shading GL_ARB_sampler_objects GL_ARB_separate_shader_objects GL_ARB_shader_bit_encoding GL_ARB_shader_subroutine GL_ARB_shading_language_include GL_ARB_tessellation_shader GL_ARB_texture_buffer_object_rgb32 GL_ARB_texture_cube_map_array GL_ARB_texture_gather GL_ARB_texture_query_lod GL_ARB_texture_rgb10_a2ui GL_ARB_texture_storage GL_ARB_texture_swizzle GL_ARB_timer_query GL_ARB_transform_feedback2 GL_ARB_transform_feedback3 GL_ARB_vertex_attrib_64bit GL_ARB_vertex_type_2_10_10_10_rev GL_ARB_viewport_array GL_EXT_debug_label GL_EXT_debug_marker GL_EXT_depth_bounds_test GL_EXT_texture_compression_s3tc GL_EXT_texture_filter_anisotropic GL_EXT_texture_mirror_clamp GL_EXT_texture_sRGB_decode GL_APPLE_client_storage GL_APPLE_container_object_shareable G
L_APPLE_flush_render GL_APPLE_object_purgeable GL_APPLE_rgb_422 GL_APPLE_row_bytes GL_APPLE_texture_range GL_ATI_texture_mirror_once GL_NV_texture_barrier
OPENGL LOG: Creating OpenGL 4.1 graphics device ; Context level  <OpenGL 4.1> ; Context handle -729401344
Initialize mono
Mono path[0] = '/Applications/Unity/Unity.app/Contents/Managed'
Mono path[1] = '/Applications/Unity/Unity.app/Contents/MonoBleedingEdge/lib/mono/unityjit'
Mono config path = '/Applications/Unity/Unity.app/Contents/MonoBleedingEdge/etc'
Using monoOptions --debugger-agent=transport=dt_socket,embedding=1,server=y,suspend=n,address=127.0.0.1:56989
Begin MonoManager ReloadAssembly
Registering precompiled unity dll's ...
Register platform support module: /Applications/Unity/Unity.app/Contents/PlaybackEngines/MacStandaloneSupport/UnityEditor.OSXStandalone.Extensions.dll
Registered in 0.000463 seconds.
Native extension for OSXStandalone target not found
Refreshing native plugins compatible for Editor in 51.63 ms, found 3 plugins.
Preloading 0 native plugins for Editor in 0.00 ms.
Mono: successfully reloaded assembly
- Completed reload, in  1.961 seconds
Platform modules already initialized, skipping
Registering precompiled user dll's ...
Registered in 0.002138 seconds.
Begin MonoManager ReloadAssembly
Native extension for OSXStandalone target not found
Refreshing native plugins compatible for Editor in 47.89 ms, found 3 plugins.
Preloading 0 native plugins for Editor in 0.00 ms.
Mono: successfully reloaded assembly
- Completed reload, in  1.098 seconds
Platform modules already initialized, skipping
========================================================================
Worker process is ready to serve import requests
Launching external process: /Applications/Unity/Unity.app/Contents/Tools/UnityShaderCompiler
Launched and connected shader compiler UnityShaderCompiler after 0.01 seconds
Refreshing native plugins compatible for Editor in 0.62 ms, found 3 plugins.
Preloading 0 native plugins for Editor in 0.00 ms.
Unloading 2696 Unused Serialized files (Serialized files now loaded: 0)
System memory in use before: 218.1 MB.
System memory in use after: 218.2 MB.

Unloading 36 unused Assets to reduce memory usage. Loaded Objects now: 3145.
Total: 2.171856 ms (FindLiveObjects: 0.191070 ms CreateObjectMapping: 0.123469 ms MarkObjects: 1.790818 ms  DeleteObjects: 0.065640 ms)

========================================================================
Received Import Request.
  path: Assets/2DGamekit/Prefabs/Interactables/Teleporter.prefab
  artifactKey: Guid(ea040a76895f65745899f41e3dff6aeb) Importer(815301076,1909f56bfc062723c751e8b465ee728b)
Start importing Assets/2DGamekit/Prefabs/Interactables/Teleporter.prefab using Guid(ea040a76895f65745899f41e3dff6aeb) Importer(815301076,1909f56bfc062723c751e8b465ee728b)  -> (artifact id: '9141f207f9b54e6e7159d30c8e81a0f0') in 0.971978 seconds 
========================================================================
Received Import Request.
  Time since last request: 91.913087 seconds.
  path: Assets/2DGamekit
  artifactKey: Guid(a63acd63c0288fa45b514d5beab5f8de) Importer(815301076,1909f56bfc062723c751e8b465ee728b)
Start importing Assets/2DGamekit using Guid(a63acd63c0288fa45b514d5beab5f8de) Importer(815301076,1909f56bfc062723c751e8b465ee728b)  -> (artifact id: '6cb945ddd4242870853a1f3e1134ad84') in 0.000900 seconds 
========================================================================
Received Import Request.
  Time since last request: 2.821673 seconds.
  path: Assets/2DGamekit/Prefabs
  artifactKey: Guid(aa731d25e8a8d2e43b212ea5dba6bebf) Importer(815301076,1909f56bfc062723c751e8b465ee728b)
Start importing Assets/2DGamekit/Prefabs using Guid(aa731d25e8a8d2e43b212ea5dba6bebf) Importer(815301076,1909f56bfc062723c751e8b465ee728b)  -> (artifact id: '73f55e84a87db86e5124dd63d0c6a51e') in 0.001757 seconds 
========================================================================
Received Import Request.
  Time since last request: 4.251358 seconds.
  path: Assets/2DGamekit/Prefabs/SceneControl
  artifactKey: Guid(84040e98252e5ae47b1392c1e54d2ad4) Importer(815301076,1909f56bfc062723c751e8b465ee728b)
Start importing Assets/2DGamekit/Prefabs/SceneControl using Guid(84040e98252e5ae47b1392c1e54d2ad4) Importer(815301076,1909f56bfc062723c751e8b465ee728b)  -> (artifact id: 'b6f4c3a77ebb45497b2e855c74046d8e') in 0.001005 seconds 
========================================================================
Received Prepare
Registering precompiled user dll's ...
Registered in 0.001968 seconds.
Begin MonoManager ReloadAssembly
Native extension for OSXStandalone target not found
Refreshing native plugins compatible for Editor in 0.61 ms, found 3 plugins.
Preloading 0 native plugins for Editor in 0.00 ms.
Mono: successfully reloaded assembly
- Completed reload, in  0.970 seconds
Platform modules already initialized, skipping
Refreshing native plugins compatible for Editor in 0.62 ms, found 3 plugins.
Preloading 0 native plugins for Editor in 0.00 ms.
Unloading 2645 Unused Serialized files (Serialized files now loaded: 0)
System memory in use before: 224.8 MB.
System memory in use after: 224.9 MB.

Unloading 25 unused Assets to reduce memory usage. Loaded Objects now: 3155.
Total: 2.010589 ms (FindLiveObjects: 0.170249 ms CreateObjectMapping: 0.098842 ms MarkObjects: 1.680376 ms  DeleteObjects: 0.060543 ms)

AssetImportWorkerClient::OnTransportError - code=2 error=End of file
